INFO:apscheduler.scheduler:Adding job tentatively -- it will be properly scheduled when the scheduler starts
INFO:apscheduler.scheduler:Added job "timedTask" to job store "default"
INFO:apscheduler.scheduler:Scheduler started
DEBUG:apscheduler.scheduler:Looking for jobs to run
DEBUG:apscheduler.scheduler:Next wakeup is due at 2019-02-13 23:00:00+08:00 (in 28896.118248 seconds)
INFO:apscheduler.scheduler:Adding job tentatively -- it will be properly scheduled when the scheduler starts
INFO:apscheduler.scheduler:Added job "timedTask" to job store "default"
INFO:apscheduler.scheduler:Scheduler started
DEBUG:apscheduler.scheduler:Looking for jobs to run
DEBUG:apscheduler.scheduler:Next wakeup is due at 2019-02-13 23:00:00+08:00 (in 27785.038547 seconds)
DEBUG:apscheduler.scheduler:Looking for jobs to run
INFO:apscheduler.executors.default:Running job "timedTask (trigger: interval[1 day, 0:00:00], next run at: 2019-02-13 23:00:00 CST)" (scheduled at 2019-02-13 23:00:00+08:00)
DEBUG:apscheduler.scheduler:Next wakeup is due at 2019-02-14 23:00:00+08:00 (in 86399.999262 seconds)
INFO:apscheduler.executors.default:Job "timedTask (trigger: interval[1 day, 0:00:00], next run at: 2019-02-14 23:00:00 CST)" executed successfully
DEBUG:apscheduler.scheduler:Looking for jobs to run
INFO:apscheduler.executors.default:Running job "timedTask (trigger: interval[1 day, 0:00:00], next run at: 2019-02-14 23:00:00 CST)" (scheduled at 2019-02-14 23:00:00+08:00)
DEBUG:apscheduler.scheduler:Next wakeup is due at 2019-02-15 23:00:00+08:00 (in 86399.987581 seconds)
INFO:apscheduler.executors.default:Job "timedTask (trigger: interval[1 day, 0:00:00], next run at: 2019-02-15 23:00:00 CST)" executed successfully
DEBUG:apscheduler.scheduler:Looking for jobs to run
INFO:apscheduler.executors.default:Running job "timedTask (trigger: interval[1 day, 0:00:00], next run at: 2019-02-15 23:00:00 CST)" (scheduled at 2019-02-15 23:00:00+08:00)
DEBUG:apscheduler.scheduler:Next wakeup is due at 2019-02-16 23:00:00+08:00 (in 86399.997168 seconds)
INFO:apscheduler.executors.default:Job "timedTask (trigger: interval[1 day, 0:00:00], next run at: 2019-02-16 23:00:00 CST)" executed successfully
DEBUG:apscheduler.scheduler:Looking for jobs to run
INFO:apscheduler.executors.default:Running job "timedTask (trigger: interval[1 day, 0:00:00], next run at: 2019-02-16 23:00:00 CST)" (scheduled at 2019-02-16 23:00:00+08:00)
DEBUG:apscheduler.scheduler:Next wakeup is due at 2019-02-17 23:00:00+08:00 (in 86399.997259 seconds)
INFO:apscheduler.executors.default:Job "timedTask (trigger: interval[1 day, 0:00:00], next run at: 2019-02-17 23:00:00 CST)" executed successfully
DEBUG:apscheduler.scheduler:Looking for jobs to run
INFO:apscheduler.executors.default:Running job "timedTask (trigger: interval[1 day, 0:00:00], next run at: 2019-02-17 23:00:00 CST)" (scheduled at 2019-02-17 23:00:00+08:00)
DEBUG:apscheduler.scheduler:Next wakeup is due at 2019-02-18 23:00:00+08:00 (in 86399.997172 seconds)
INFO:apscheduler.executors.default:Job "timedTask (trigger: interval[1 day, 0:00:00], next run at: 2019-02-18 23:00:00 CST)" executed successfully
INFO:apscheduler.scheduler:Adding job tentatively -- it will be properly scheduled when the scheduler starts
INFO:apscheduler.scheduler:Added job "timedTask" to job store "default"
INFO:apscheduler.scheduler:Scheduler started
DEBUG:apscheduler.scheduler:Looking for jobs to run
DEBUG:apscheduler.scheduler:Next wakeup is due at 2019-02-18 23:00:00+08:00 (in 18160.390522 seconds)
DEBUG:apscheduler.scheduler:Looking for jobs to run
INFO:apscheduler.executors.default:Running job "timedTask (trigger: interval[1 day, 0:00:00], next run at: 2019-02-18 23:00:00 CST)" (scheduled at 2019-02-18 23:00:00+08:00)
DEBUG:apscheduler.scheduler:Next wakeup is due at 2019-02-19 23:00:00+08:00 (in 86399.999349 seconds)
INFO:apscheduler.executors.default:Job "timedTask (trigger: interval[1 day, 0:00:00], next run at: 2019-02-19 23:00:00 CST)" executed successfully
DEBUG:apscheduler.scheduler:Looking for jobs to run
INFO:apscheduler.executors.default:Running job "timedTask (trigger: interval[1 day, 0:00:00], next run at: 2019-02-19 23:00:00 CST)" (scheduled at 2019-02-19 23:00:00+08:00)
DEBUG:apscheduler.scheduler:Next wakeup is due at 2019-02-20 23:00:00+08:00 (in 86399.987627 seconds)
INFO:apscheduler.executors.default:Job "timedTask (trigger: interval[1 day, 0:00:00], next run at: 2019-02-20 23:00:00 CST)" executed successfully
DEBUG:apscheduler.scheduler:Looking for jobs to run
INFO:apscheduler.executors.default:Running job "timedTask (trigger: interval[1 day, 0:00:00], next run at: 2019-02-20 23:00:00 CST)" (scheduled at 2019-02-20 23:00:00+08:00)
DEBUG:apscheduler.scheduler:Next wakeup is due at 2019-02-21 23:00:00+08:00 (in 86399.996962 seconds)
INFO:apscheduler.executors.default:Job "timedTask (trigger: interval[1 day, 0:00:00], next run at: 2019-02-21 23:00:00 CST)" executed successfully
